<?xml version="1.0" encoding="UTF-8"?>
<testsuite xmlns:xsi="http://www.w3.org/2001/XMLSchema-instance" xsi:noNamespaceSchemaLocation="https://maven.apache.org/surefire/maven-surefire-plugin/xsd/surefire-test-report.xsd" version="3.0.1" name="com.mycompany.app.LibraryTest" time="1.722" tests="16" errors="0" skipped="0" failures="0">
  <properties>
    <property name="java.specification.version" value="21"/>
    <property name="sun.cpu.isalist" value="amd64"/>
    <property name="sun.jnu.encoding" value="Cp1252"/>
    <property name="java.class.path" value="C:\Users\tommy\Desktop\Diginamic\cours\18 - Langage Java - Tests unitaires et bonnes pratiques\tp-junit\target\test-classes;C:\Users\tommy\Desktop\Diginamic\cours\18 - Langage Java - Tests unitaires et bonnes pratiques\tp-junit\target\classes;C:\Users\tommy\.m2\repository\org\junit\jupiter\junit-jupiter-api\5.11.0\junit-jupiter-api-5.11.0.jar;C:\Users\tommy\.m2\repository\org\opentest4j\opentest4j\1.3.0\opentest4j-1.3.0.jar;C:\Users\tommy\.m2\repository\org\junit\platform\junit-platform-commons\1.11.0\junit-platform-commons-1.11.0.jar;C:\Users\tommy\.m2\repository\org\apiguardian\apiguardian-api\1.1.2\apiguardian-api-1.1.2.jar;C:\Users\tommy\.m2\repository\org\junit\jupiter\junit-jupiter-params\5.11.0\junit-jupiter-params-5.11.0.jar;C:\Users\tommy\.m2\repository\org\mockito\mockito-junit-jupiter\5.20.0\mockito-junit-jupiter-5.20.0.jar;C:\Users\tommy\.m2\repository\org\mockito\mockito-core\5.20.0\mockito-core-5.20.0.jar;C:\Users\tommy\.m2\repository\net\bytebuddy\byte-buddy\1.17.7\byte-buddy-1.17.7.jar;C:\Users\tommy\.m2\repository\net\bytebuddy\byte-buddy-agent\1.17.7\byte-buddy-agent-1.17.7.jar;C:\Users\tommy\.m2\repository\org\objenesis\objenesis\3.3\objenesis-3.3.jar;"/>
    <property name="java.vm.vendor" value="Oracle Corporation"/>
    <property name="sun.arch.data.model" value="64"/>
    <property name="user.variant" value=""/>
    <property name="java.vendor.url" value="https://java.oracle.com/"/>
    <property name="user.timezone" value="Europe/Paris"/>
    <property name="os.name" value="Windows 11"/>
    <property name="java.vm.specification.version" value="21"/>
    <property name="sun.java.launcher" value="SUN_STANDARD"/>
    <property name="user.country" value="FR"/>
    <property name="sun.boot.library.path" value="C:\Program Files\Java\jdk-21\bin"/>
    <property name="sun.java.command" value="C:\Users\tommy\AppData\Local\Temp\surefire12184728409720562628\surefirebooter-20251002172335207_3.jar C:\Users\tommy\AppData\Local\Temp\surefire12184728409720562628 2025-10-02T17-23-35_046-jvmRun1 surefire-20251002172335207_1tmp surefire_0-20251002172335207_2tmp"/>
    <property name="jdk.debug" value="release"/>
    <property name="surefire.test.class.path" value="C:\Users\tommy\Desktop\Diginamic\cours\18 - Langage Java - Tests unitaires et bonnes pratiques\tp-junit\target\test-classes;C:\Users\tommy\Desktop\Diginamic\cours\18 - Langage Java - Tests unitaires et bonnes pratiques\tp-junit\target\classes;C:\Users\tommy\.m2\repository\org\junit\jupiter\junit-jupiter-api\5.11.0\junit-jupiter-api-5.11.0.jar;C:\Users\tommy\.m2\repository\org\opentest4j\opentest4j\1.3.0\opentest4j-1.3.0.jar;C:\Users\tommy\.m2\repository\org\junit\platform\junit-platform-commons\1.11.0\junit-platform-commons-1.11.0.jar;C:\Users\tommy\.m2\repository\org\apiguardian\apiguardian-api\1.1.2\apiguardian-api-1.1.2.jar;C:\Users\tommy\.m2\repository\org\junit\jupiter\junit-jupiter-params\5.11.0\junit-jupiter-params-5.11.0.jar;C:\Users\tommy\.m2\repository\org\mockito\mockito-junit-jupiter\5.20.0\mockito-junit-jupiter-5.20.0.jar;C:\Users\tommy\.m2\repository\org\mockito\mockito-core\5.20.0\mockito-core-5.20.0.jar;C:\Users\tommy\.m2\repository\net\bytebuddy\byte-buddy\1.17.7\byte-buddy-1.17.7.jar;C:\Users\tommy\.m2\repository\net\bytebuddy\byte-buddy-agent\1.17.7\byte-buddy-agent-1.17.7.jar;C:\Users\tommy\.m2\repository\org\objenesis\objenesis\3.3\objenesis-3.3.jar;"/>
    <property name="sun.cpu.endian" value="little"/>
    <property name="user.home" value="C:\Users\tommy"/>
    <property name="user.language" value="fr"/>
    <property name="java.specification.vendor" value="Oracle Corporation"/>
    <property name="java.version.date" value="2025-04-15"/>
    <property name="java.home" value="C:\Program Files\Java\jdk-21"/>
    <property name="file.separator" value="\"/>
    <property name="basedir" value="C:\Users\tommy\Desktop\Diginamic\cours\18 - Langage Java - Tests unitaires et bonnes pratiques\tp-junit"/>
    <property name="java.vm.compressedOopsMode" value="Zero based"/>
    <property name="line.separator" value="&#10;"/>
    <property name="java.vm.specification.vendor" value="Oracle Corporation"/>
    <property name="java.specification.name" value="Java Platform API Specification"/>
    <property name="surefire.real.class.path" value="C:\Users\tommy\AppData\Local\Temp\surefire12184728409720562628\surefirebooter-20251002172335207_3.jar"/>
    <property name="user.script" value=""/>
    <property name="sun.management.compiler" value="HotSpot 64-Bit Tiered Compilers"/>
    <property name="java.runtime.version" value="21.0.7+8-LTS-245"/>
    <property name="user.name" value="tommy"/>
    <property name="stdout.encoding" value="Cp1252"/>
    <property name="path.separator" value=";"/>
    <property name="os.version" value="10.0"/>
    <property name="java.runtime.name" value="Java(TM) SE Runtime Environment"/>
    <property name="file.encoding" value="UTF-8"/>
    <property name="java.vm.name" value="Java HotSpot(TM) 64-Bit Server VM"/>
    <property name="localRepository" value="C:\Users\tommy\.m2\repository"/>
    <property name="java.vendor.url.bug" value="https://bugreport.java.com/bugreport/"/>
    <property name="java.io.tmpdir" value="C:\Users\tommy\AppData\Local\Temp\"/>
    <property name="java.version" value="21.0.7"/>
    <property name="user.dir" value="C:\Users\tommy\Desktop\Diginamic\cours\18 - Langage Java - Tests unitaires et bonnes pratiques\tp-junit"/>
    <property name="os.arch" value="amd64"/>
    <property name="java.vm.specification.name" value="Java Virtual Machine Specification"/>
    <property name="sun.os.patch.level" value=""/>
    <property name="native.encoding" value="Cp1252"/>
    <property name="java.library.path" value="C:\Program Files\Java\jdk-21\bin;C:\WINDOWS\Sun\Java\bin;C:\WINDOWS\system32;C:\WINDOWS;C:\Program Files\Common Files\Oracle\Java\javapath;C:\Users\tommy\AppData\Local\Programs\Python\Python313\Scripts\;C:\Users\tommy\AppData\Local\Programs\Python\Python313\;C:\Windows\system32;C:\Windows;C:\Windows\System32\Wbem;C:\Windows\System32\WindowsPowerShell\v1.0\;C:\Windows\System32\OpenSSH\;C:\Program Files\dotnet\;C:\Program Files\MongoDB\Server\7.0\bin;C:\xampp\php;C:\ProgramData\ComposerSetup\bin;C:\wp-cli;C:\Program Files\NVIDIA Corporation\NVIDIA app\NvDLISR;C:\Program Files\PuTTY\;C:\Program Files\nodejs\;C:\ProgramData\chocolatey\bin;C:\WINDOWS\system32;C:\WINDOWS;C:\WINDOWS\System32\Wbem;C:\WINDOWS\System32\WindowsPowerShell\v1.0\;C:\WINDOWS\System32\OpenSSH\;C:\Program Files\Git\cmd;C:\Program Files\Docker\Docker\resources\bin;C:\Users\tommy\AppData\Local\Programs\Python\Launcher\;C:\Windows\system32;C:\Windows;C:\Windows\System32\Wbem;C:\Windows\System32\WindowsPowerShell\v1.0\;C:\Windows\System32\OpenSSH\;C:\Program Files (x86)\NVIDIA Corporation\PhysX\Common;C:\Program Files\NVIDIA Corporation\NVIDIA NvDLISR;C:\Program Files\nodejs\;C:\Program Files\dotnet\;C:\Program Files\Git\cmd;C:\Program Files\MongoDB\Server\7.0\bin;C:\xampp\php;C:\ProgramData\ComposerSetup\bin;C:\Users\tommy\scoop\shims;C:\Users\tommy\AppData\Local\Microsoft\WindowsApps;C:\Users\tommy\AppData\Local\Programs\Microsoft VS Code\bin;C:\Users\tommy\.dotnet\tools;C:\Users\tommy\AppData\Local\gitkraken\bin;C:\Users\tommy\AppData\Roaming\Composer\vendor\bin;C:\Program Files\Git\usr\bin\;C:\wp-cli;C:\xampp\mysql\bin;C:\Users\tommy\scoop\apps\symfony-cli\current;C:\Users\tommy\AppData\Roaming\npm;C:\Users\tommy\AppData\Local\Microsoft\WindowsApps;C:\Program Files\JetBrains\IntelliJ IDEA Community Edition 2024.2.1\bin;;C:\Users\tommy\Java\apache-maven-3.9.11\bin;C:\Program Files\Java\jdk-21\bin;C:\Program Files\JetBrains\IntelliJ IDEA 2025.2\bin;."/>
    <property name="java.vm.info" value="mixed mode, sharing"/>
    <property name="stderr.encoding" value="Cp1252"/>
    <property name="java.vendor" value="Oracle Corporation"/>
    <property name="java.vm.version" value="21.0.7+8-LTS-245"/>
    <property name="sun.io.unicode.encoding" value="UnicodeLittle"/>
    <property name="java.class.version" value="65.0"/>
  </properties>
  <testcase name="borrowBook_shouldReturnTrueIfBookIsAvailable" classname="com.mycompany.app.LibraryTest" time="1.445">
    <system-out><![CDATA[DÃ©but des tests
========================================================================
Test emprunt de livre si disponible
Success
========================================================================
]]></system-out>
    <system-err><![CDATA[Mockito is currently self-attaching to enable the inline-mock-maker. This will no longer work in future releases of the JDK. Please add Mockito as an agent to your build as described in Mockito's documentation: https://javadoc.io/doc/org.mockito/mockito-core/latest/org.mockito/org/mockito/Mockito.html#0.3
WARNING: A Java agent has been loaded dynamically (C:\Users\tommy\.m2\repository\net\bytebuddy\byte-buddy-agent\1.17.7\byte-buddy-agent-1.17.7.jar)
WARNING: If a serviceability tool is in use, please run with -XX:+EnableDynamicAgentLoading to hide this warning
WARNING: If a serviceability tool is not in use, please run with -Djdk.instrument.traceUsage for more information
WARNING: Dynamic loading of agents will be disallowed by default in a future release
]]></system-err>
  </testcase>
  <testcase name="fetchBookDetails_shouldThrowExceptionIfBookIsNull" classname="com.mycompany.app.LibraryTest" time="0.069">
    <system-out><![CDATA[Test service details de livre
Success
========================================================================
]]></system-out>
  </testcase>
  <testcase name="countAvailableBooks_shouldReturnNumberOfAvailableBooks(int, int)[1]" classname="com.mycompany.app.LibraryTest" time="0.043">
    <system-out><![CDATA[Test nombre de livres disponibles
Success
========================================================================
]]></system-out>
  </testcase>
  <testcase name="countAvailableBooks_shouldReturnNumberOfAvailableBooks(int, int)[2]" classname="com.mycompany.app.LibraryTest" time="0.003">
    <system-out><![CDATA[Test nombre de livres disponibles
Success
========================================================================
]]></system-out>
  </testcase>
  <testcase name="countAvailableBooks_shouldReturnNumberOfAvailableBooks(int, int)[3]" classname="com.mycompany.app.LibraryTest" time="0.002">
    <system-out><![CDATA[Test nombre de livres disponibles
Success
========================================================================
]]></system-out>
  </testcase>
  <testcase name="isBookAvailable_shouldReturnFalseIfBookIsNotAvailable" classname="com.mycompany.app.LibraryTest" time="0.003">
    <system-out><![CDATA[Test service disponibilitÃ© de livre
Success
========================================================================
]]></system-out>
  </testcase>
  <testcase name="isBookAvailable_shouldReturnTrueIfBookIsAvailable" classname="com.mycompany.app.LibraryTest" time="0.002">
    <system-out><![CDATA[Test service disponibilitÃ© de livre
Success
========================================================================
]]></system-out>
  </testcase>
  <testcase name="fetchBookDetails_shouldAddBookIfExists" classname="com.mycompany.app.LibraryTest" time="0.004">
    <system-out><![CDATA[Test service details de livre
Success
========================================================================
]]></system-out>
  </testcase>
  <testcase name="addBook_shouldAddBookToLibrary" classname="com.mycompany.app.LibraryTest" time="0.002">
    <system-out><![CDATA[Test ajout de livre
Success
========================================================================
]]></system-out>
  </testcase>
  <testcase name="checkExternalAvailability_shouldReturnTrueIfBookIsAvailable(int)[1]" classname="com.mycompany.app.LibraryTest" time="0.004">
    <system-out><![CDATA[Test service disponibilitÃ© de livre
Success
========================================================================
]]></system-out>
  </testcase>
  <testcase name="checkExternalAvailability_shouldReturnTrueIfBookIsAvailable(int)[2]" classname="com.mycompany.app.LibraryTest" time="0.003">
    <system-out><![CDATA[Test service disponibilitÃ© de livre
Success
========================================================================
]]></system-out>
  </testcase>
  <testcase name="checkExternalAvailability_shouldReturnTrueIfBookIsAvailable(int)[3]" classname="com.mycompany.app.LibraryTest" time="0.007">
    <system-out><![CDATA[Test service disponibilitÃ© de livre
Success
========================================================================
]]></system-out>
  </testcase>
  <testcase name="borrowBook_shouldReturnFalseIfBookIsNotAvailable" classname="com.mycompany.app.LibraryTest" time="0.001">
    <system-out><![CDATA[Test emprunt de livre si indisponible
Success
========================================================================
]]></system-out>
  </testcase>
  <testcase name="returnBook_shouldReturnFalseIfBookDoesNotExist" classname="com.mycompany.app.LibraryTest" time="0.001">
    <system-out><![CDATA[Test retour de livre si non existant
Success
========================================================================
]]></system-out>
  </testcase>
  <testcase name="returnBook_shouldReturnTrueIfBookIsAvailable" classname="com.mycompany.app.LibraryTest" time="0.002">
    <system-out><![CDATA[Test retour de livre
Success
========================================================================
]]></system-out>
  </testcase>
  <testcase name="borrowBook_shouldReturnFalseIfBookDoesNotExist" classname="com.mycompany.app.LibraryTest" time="0.001">
    <system-out><![CDATA[Test emprunt de livre si non existant
Success
========================================================================
]]></system-out>
  </testcase>
</testsuite>